CRITICAL - 2021-03-28 00:19:19 --> Invalid file: layout/template.php
#0 /opt/lampp/htdocs/webppdb/vendor/codeigniter4/framework/system/View/View.php(203): CodeIgniter\Exceptions\FrameworkException::forInvalidFile()
#1 /opt/lampp/htdocs/webppdb/vendor/codeigniter4/framework/system/View/View.php(236): CodeIgniter\View\View->render()
#2 /opt/lampp/htdocs/webppdb/vendor/codeigniter4/framework/system/Common.php(1217): CodeIgniter\View\View->render()
#3 /opt/lampp/htdocs/webppdb/app/Controllers/Login.php(12): view()
#4 /opt/lampp/htdocs/webppdb/vendor/codeigniter4/framework/system/CodeIgniter.php(936): App\Controllers\Login->index()
#5 /opt/lampp/htdocs/webppdb/vendor/codeigniter4/framework/system/CodeIgniter.php(432): CodeIgniter\CodeIgniter->runController()
#6 /opt/lampp/htdocs/webppdb/vendor/codeigniter4/framework/system/CodeIgniter.php(333): CodeIgniter\CodeIgniter->handleRequest()
#7 /opt/lampp/htdocs/webppdb/public/index.php(44): CodeIgniter\CodeIgniter->run()
#8 /opt/lampp/htdocs/webppdb/vendor/codeigniter4/framework/system/Commands/Server/rewrite.php(45): require_once('/opt/lampp/htdo...')
#9 {main}
CRITICAL - 2021-03-28 01:51:54 --> Invalid file: layout/navbar.php
#0 /opt/lampp/htdocs/webppdb/vendor/codeigniter4/framework/system/View/View.php(203): CodeIgniter\Exceptions\FrameworkException::forInvalidFile()
#1 /opt/lampp/htdocs/webppdb/vendor/codeigniter4/framework/system/View/View.php(468): CodeIgniter\View\View->render()
#2 /opt/lampp/htdocs/webppdb/app/Views/layout/template_bfr_login.php(22): CodeIgniter\View\View->include()
#3 /opt/lampp/htdocs/webppdb/vendor/codeigniter4/framework/system/View/View.php(220): include('/opt/lampp/htdo...')
#4 /opt/lampp/htdocs/webppdb/vendor/codeigniter4/framework/system/View/View.php(222): CodeIgniter\View\View->CodeIgniter\View\{closure}()
#5 /opt/lampp/htdocs/webppdb/vendor/codeigniter4/framework/system/View/View.php(236): CodeIgniter\View\View->render()
#6 /opt/lampp/htdocs/webppdb/vendor/codeigniter4/framework/system/Common.php(1217): CodeIgniter\View\View->render()
#7 /opt/lampp/htdocs/webppdb/app/Controllers/Home.php(13): view()
#8 /opt/lampp/htdocs/webppdb/vendor/codeigniter4/framework/system/CodeIgniter.php(936): App\Controllers\Home->index()
#9 /opt/lampp/htdocs/webppdb/vendor/codeigniter4/framework/system/CodeIgniter.php(432): CodeIgniter\CodeIgniter->runController()
#10 /opt/lampp/htdocs/webppdb/vendor/codeigniter4/framework/system/CodeIgniter.php(333): CodeIgniter\CodeIgniter->handleRequest()
#11 /opt/lampp/htdocs/webppdb/public/index.php(44): CodeIgniter\CodeIgniter->run()
#12 /opt/lampp/htdocs/webppdb/vendor/codeigniter4/framework/system/Commands/Server/rewrite.php(45): require_once('/opt/lampp/htdo...')
#13 {main}
